Exporter version: 5.0.7, Blender version: 2.78 (sub 0)
========= Conversion from Blender to Babylon.js =========
	Scene settings used:
		selected layers only:  false
		flat shading entire scene:  false
		inline textures:  false
		texture directory:  C:\Users\abru4\Downloads\bbtest\models\
	Python World class constructor completed
	WARNING: No active camera has been assigned, or is not in a currently selected Blender layer
	WARNING: The following armature not visible in scene thus ignored: metarig
	processing begun of mesh:  Cube.001
		processing begun of Standard material:  Material Personaje
			Diffuse texture found "ColorPersonaje"
				Image texture found, type:  diffuseTexture, mapped using: "UVMap"
				WARNING: Opacity non-std way to indicate opacity, use material alpha to also use Opacity texture
========= An error was encountered =========
  File "C:\Program Files\Blender Foundation\Blender\2.78\scripts\addons\babylon-js\json_exporter.py", line 99, in execute
    mesh = Mesh(object, scene, nextStartFace, forcedParent, nameID, self)
  File "C:\Program Files\Blender Foundation\Blender\2.78\scripts\addons\babylon-js\mesh.py", line 277, in __init__
    matricesIndices.append(skeleton.get_index_of_bone(bone.name))
ERROR:  'NoneType' object has no attribute 'get_index_of_bone'
========= end of processing =========
elapsed time:  0 min, 0.184 secs
