Exporter version: 5.0.7, Blender version: 2.78 (sub 0)
========= Conversion from Blender to Babylon.js =========
	Scene settings used:
		selected layers only:  false
		flat shading entire scene:  false
		inline textures:  false
		texture directory:  C:\Users\abru4\Downloads\bbtest\models\
	Python World class constructor completed
	processing begun of mesh:  Cube.001
		processing begun of Standard material:  Material_Personaje
			Diffuse texture found "Kd"
				Image texture found, type:  diffuseTexture, mapped using: "UVMap"
	WARNING: Error encountered processing image file:  , Error:  'C:\\Users\\abru4\\Downloads\\bbtest\\models\\charactef2.png' and 'C:\\Users\\abru4\\Downloads\\bbtest\\models\\charactef2.png' are the same file
				WARNING: Opacity non-std way to indicate opacity, use material alpha to also use Opacity texture
		num positions      :  957
		num normals        :  957
		num uvs            :  1914
		num uvs2           :  0
		num colors         :  0
		num indices        :  3282
	processing begun of camera (FreeCamera):  Camera
	processing begun of light (POINT):  Lamp
========= Writing of scene file started =========
========= Writing of scene file completed =========
========= end of processing =========
elapsed time:  0 min, 0.0791 secs
